<?xml version="1.0" encoding="UTF-8"?>
<testsuite name="com.example.spa_app.ExampleUnitTest" tests="1" skipped="0" failures="0" errors="0" timestamp="2025-04-23T04:02:03" hostname="MSI" time="0.003">
  <properties/>
  <testcase name="addition_isCorrect" classname="com.example.spa_app.ExampleUnitTest" time="0.003"/>
  <system-out><![CDATA[]]></system-out>
  <system-err><![CDATA[]]></system-err>
</testsuite>
